<?xml version="1.0" encoding="UTF-8"?>
<!-- Generated by org.testng.reporters.JUnitXMLReporter -->
<testsuite hostname="DESKTOP-3FFEOHO" ignored="6" name="Edge Test" tests="3" failures="0" timestamp="2022-03-18T07:49:21 IST" time="3.09" errors="0">
  <testcase name="@BeforeMethod beforeMethod" time="0.0" classname="executeClasses.BaseClass">
    <failure type="java.io.FileNotFoundException" message="C:\Users\saran\eclipse-workspace\GroceryApp\src\main\resources\Config.pro (The system cannot find the file specified)">
      <![CDATA[java.io.FileNotFoundException: C:\Users\saran\eclipse-workspace\GroceryApp\src\main\resources\Config.pro (The system cannot find the file specified)
at java.io.FileInputStream.open0(Native Method)
at java.io.FileInputStream.open(FileInputStream.java:195)
at java.io.FileInputStream.<init>(FileInputStream.java:138)
at java.io.FileInputStream.<init>(FileInputStream.java:93)
at executeClasses.BaseClass.testBasic(BaseClass.java:27)
at executeClasses.BaseClass.beforeMethod(BaseClass.java:34)
at java.util.ArrayList.forEach(ArrayList.java:1257)
... Removed 35 stack frames]]>
    </failure>
  </testcase> <!-- @BeforeMethod beforeMethod -->
  <testcase name="@AfterMethod afterMethod" time="0.001" classname="executeClasses.BaseClass">
    <failure type="java.lang.NullPointerException">
      <![CDATA[java.lang.NullPointerException
at executeClasses.BaseClass.afterMethod(BaseClass.java:68)
at java.util.ArrayList.forEach(ArrayList.java:1257)
... Removed 36 stack frames]]>
    </failure>
  </testcase> <!-- @AfterMethod afterMethod -->
  <testcase name="@BeforeMethod beforeMethod" time="0.001" classname="executeClasses.BaseClass">
    <failure type="java.io.FileNotFoundException" message="C:\Users\saran\eclipse-workspace\GroceryApp\src\main\resources\Config.pro (The system cannot find the file specified)">
      <![CDATA[java.io.FileNotFoundException: C:\Users\saran\eclipse-workspace\GroceryApp\src\main\resources\Config.pro (The system cannot find the file specified)
at java.io.FileInputStream.open0(Native Method)
at java.io.FileInputStream.open(FileInputStream.java:195)
at java.io.FileInputStream.<init>(FileInputStream.java:138)
at java.io.FileInputStream.<init>(FileInputStream.java:93)
at executeClasses.BaseClass.testBasic(BaseClass.java:27)
at executeClasses.BaseClass.beforeMethod(BaseClass.java:34)
at java.util.ArrayList.forEach(ArrayList.java:1257)
... Removed 35 stack frames]]>
    </failure>
  </testcase> <!-- @BeforeMethod beforeMethod -->
  <testcase name="@AfterMethod afterMethod" time="0.0" classname="executeClasses.BaseClass">
    <failure type="java.lang.NullPointerException">
      <![CDATA[java.lang.NullPointerException
at executeClasses.BaseClass.afterMethod(BaseClass.java:68)
at java.util.ArrayList.forEach(ArrayList.java:1257)
... Removed 36 stack frames]]>
    </failure>
  </testcase> <!-- @AfterMethod afterMethod -->
  <testcase name="verifyAdminUsersArrow" time="0.0" classname="executeClasses.ExecuteAdminUsers">
    <skipped/>
  </testcase> <!-- verifyAdminUsersArrow -->
  <testcase name="verifyUserTypeDropDown" time="0.0" classname="executeClasses.ExecuteAdminUsers">
    <skipped/>
  </testcase> <!-- verifyUserTypeDropDown -->
  <testcase name="verifyThreeLines" time="1.04" classname="executeClasses.ExecuteManageExpense"/>
  <testcase name="verifyUserNameDisplayed" time="0.0" classname="executeClasses.ExecuteAdminUsers">
    <ignored/>
  </testcase> <!-- verifyUserNameDisplayed -->
  <testcase name="verifySearchUserName" time="0.0" classname="executeClasses.ExecuteAdminUsers">
    <ignored/>
  </testcase> <!-- verifySearchUserName -->
  <testcase name="verifyActiveButnColor" time="0.0" classname="executeClasses.ExecuteAdminUsers">
    <ignored/>
  </testcase> <!-- verifyActiveButnColor -->
  <testcase name="verifySearchButn" time="0.0" classname="executeClasses.ExecuteAdminUsers">
    <ignored/>
  </testcase> <!-- verifySearchButn -->
  <testcase name="verifyActiveButton" time="0.0" classname="executeClasses.ExecuteAdminUsers">
    <ignored/>
  </testcase> <!-- verifyActiveButton -->
  <testcase name="verifyPasswordArrow" time="0.0" classname="executeClasses.ExecuteAdminUsers">
    <ignored/>
  </testcase> <!-- verifyPasswordArrow -->
</testsuite> <!-- Edge Test -->
