<?xml version="1.0" encoding="UTF-8"?>
<!-- Generated by org.testng.reporters.JUnitXMLReporter -->
<testsuite hostname="DESKTOP-3FFEOHO" ignored="6" name="Edge Test" tests="3" failures="2" timestamp="2022-03-16T18:04:02 IST" time="35.3" errors="0">
  <testcase name="verifyAdminUsersArrow" time="11.266" classname="executeClasses.ExecuteAdminUsers">
    <failure type="org.openqa.selenium.NoSuchElementException" message="no such element: Unable to locate element: {&amp;quot;method&amp;quot;:&amp;quot;xpath&amp;quot;,&amp;quot;selector&amp;quot;:&amp;quot;//a[@class=&amp;apos;btn btn-rounded btn-warning&amp;apos;]&amp;quot;}
  (Session info: MicrosoftEdge=99.0.1150.39)
For documentation on this error, please visit: https://selenium.dev/exceptions/#no_such_element
Build info: version: &amp;apos;4.1.2&amp;apos;, revision: &amp;apos;9a5a329c5a&amp;apos;
System info: host: &amp;apos;DESKTOP-3FFEOHO&amp;apos;, ip: &amp;apos;192.168.1.8&amp;apos;, os.name: &amp;apos;Windows 10&amp;apos;, os.arch: &amp;apos;amd64&amp;apos;, os.version: &amp;apos;10.0&amp;apos;, java.version: &amp;apos;1.8.0_202&amp;apos;
Driver info: org.openqa.selenium.edge.EdgeDriver
Command: [9468ecc7db07c6302d3c37f44f4aeaef, findElement {using=xpath, value=//a[@class=&amp;apos;btn btn-rounded btn-warning&amp;apos;]}]
Capabilities {acceptInsecureCerts: false, browserName: msedge, browserVersion: 99.0.1150.39, javascriptEnabled: true, ms:edgeOptions: {debuggerAddress: localhost:60721}, msedge: {msedgedriverVersion: 98.0.1108.43 (291a4aac9d385..., userDataDir: C:\Users\saran\AppData\Loca...}, networkConnectionEnabled: false, pageLoadStrategy: normal, platform: WINDOWS, platformName: WINDOWS, proxy: Proxy(), se:cdp: ws://localhost:60721/devtoo..., se:cdpVersion: 99.0.1150.39, setWindowRect: true, strictFileInteractability: false, timeouts: {implicit: 0, pageLoad: 300000, script: 30000}, unhandledPromptBehavior: dismiss and notify, webauthn:extension:credBlob: true, webauthn:extension:largeBlob: true, webauthn:virtualAuthenticators: true}
Session ID: 9468ecc7db07c6302d3c37f44f4aeaef">
      <![CDATA[org.openqa.selenium.NoSuchElementException: no such element: Unable to locate element: {"method":"xpath","selector":"//a[@class='btn btn-rounded btn-warning']"}
  (Session info: MicrosoftEdge=99.0.1150.39)
For documentation on this error, please visit: https://selenium.dev/exceptions/#no_such_element
Build info: version: '4.1.2', revision: '9a5a329c5a'
System info: host: 'DESKTOP-3FFEOHO', ip: '192.168.1.8', os.name: 'Windows 10', os.arch: 'amd64', os.version: '10.0', java.version: '1.8.0_202'
Driver info: org.openqa.selenium.edge.EdgeDriver
Command: [9468ecc7db07c6302d3c37f44f4aeaef, findElement {using=xpath, value=//a[@class='btn btn-rounded btn-warning']}]
Capabilities {acceptInsecureCerts: false, browserName: msedge, browserVersion: 99.0.1150.39, javascriptEnabled: true, ms:edgeOptions: {debuggerAddress: localhost:60721}, msedge: {msedgedriverVersion: 98.0.1108.43 (291a4aac9d385..., userDataDir: C:\Users\saran\AppData\Loca...}, networkConnectionEnabled: false, pageLoadStrategy: normal, platform: WINDOWS, platformName: WINDOWS, proxy: Proxy(), se:cdp: ws://localhost:60721/devtoo..., se:cdpVersion: 99.0.1150.39, setWindowRect: true, strictFileInteractability: false, timeouts: {implicit: 0, pageLoad: 300000, script: 30000}, unhandledPromptBehavior: dismiss and notify, webauthn:extension:credBlob: true, webauthn:extension:largeBlob: true, webauthn:virtualAuthenticators: true}
Session ID: 9468ecc7db07c6302d3c37f44f4aeaef
at org.openqa.selenium.remote.codec.w3c.W3CHttpResponseCodec.createException(W3CHttpResponseCodec.java:200)
at org.openqa.selenium.remote.codec.w3c.W3CHttpResponseCodec.decode(W3CHttpResponseCodec.java:133)
at org.openqa.selenium.remote.codec.w3c.W3CHttpResponseCodec.decode(W3CHttpResponseCodec.java:53)
at org.openqa.selenium.remote.HttpCommandExecutor.execute(HttpCommandExecutor.java:184)
at org.openqa.selenium.remote.service.DriverCommandExecutor.invokeExecute(DriverCommandExecutor.java:167)
at org.openqa.selenium.remote.service.DriverCommandExecutor.execute(DriverCommandExecutor.java:142)
at org.openqa.selenium.remote.RemoteWebDriver.execute(RemoteWebDriver.java:558)
at org.openqa.selenium.remote.ElementLocation$ElementFinder$2.findElement(ElementLocation.java:162)
at org.openqa.selenium.remote.ElementLocation.findElement(ElementLocation.java:60)
at org.openqa.selenium.remote.RemoteWebDriver.findElement(RemoteWebDriver.java:382)
at org.openqa.selenium.remote.RemoteWebDriver.findElement(RemoteWebDriver.java:374)
at org.openqa.selenium.support.pagefactory.DefaultElementLocator.findElement(DefaultElementLocator.java:70)
at org.openqa.selenium.support.pagefactory.internal.LocatingElementHandler.invoke(LocatingElementHandler.java:39)
at com.sun.proxy.$Proxy15.getText(Unknown Source)
at utilities.GenaralUtilities.getElementText(GenaralUtilities.java:11)
at elementRepository.AdminUsers.verifyReset(AdminUsers.java:76)
at executeClasses.ExecuteAdminUsers.verifyAdminUsersArrow(ExecuteAdminUsers.java:21)
at java.util.ArrayList.forEach(ArrayList.java:1257)
... Removed 31 stack frames]]>
    </failure>
  </testcase> <!-- verifyAdminUsersArrow -->
  <testcase name="verifyUserTypeDropDown" time="10.988" classname="executeClasses.ExecuteAdminUsers">
    <failure type="org.openqa.selenium.NoSuchElementException" message="no such element: Unable to locate element: {&amp;quot;method&amp;quot;:&amp;quot;xpath&amp;quot;,&amp;quot;selector&amp;quot;:&amp;quot;//select[@id=&amp;apos;ut&amp;apos;]&amp;quot;}
  (Session info: MicrosoftEdge=99.0.1150.39)
For documentation on this error, please visit: https://selenium.dev/exceptions/#no_such_element
Build info: version: &amp;apos;4.1.2&amp;apos;, revision: &amp;apos;9a5a329c5a&amp;apos;
System info: host: &amp;apos;DESKTOP-3FFEOHO&amp;apos;, ip: &amp;apos;192.168.1.8&amp;apos;, os.name: &amp;apos;Windows 10&amp;apos;, os.arch: &amp;apos;amd64&amp;apos;, os.version: &amp;apos;10.0&amp;apos;, java.version: &amp;apos;1.8.0_202&amp;apos;
Driver info: org.openqa.selenium.edge.EdgeDriver
Command: [aaaabb66d666ddadee4753599ee08af0, findElement {using=xpath, value=//select[@id=&amp;apos;ut&amp;apos;]}]
Capabilities {acceptInsecureCerts: false, browserName: msedge, browserVersion: 99.0.1150.39, javascriptEnabled: true, ms:edgeOptions: {debuggerAddress: localhost:60785}, msedge: {msedgedriverVersion: 98.0.1108.43 (291a4aac9d385..., userDataDir: C:\Users\saran\AppData\Loca...}, networkConnectionEnabled: false, pageLoadStrategy: normal, platform: WINDOWS, platformName: WINDOWS, proxy: Proxy(), se:cdp: ws://localhost:60785/devtoo..., se:cdpVersion: 99.0.1150.39, setWindowRect: true, strictFileInteractability: false, timeouts: {implicit: 0, pageLoad: 300000, script: 30000}, unhandledPromptBehavior: dismiss and notify, webauthn:extension:credBlob: true, webauthn:extension:largeBlob: true, webauthn:virtualAuthenticators: true}
Session ID: aaaabb66d666ddadee4753599ee08af0">
      <![CDATA[org.openqa.selenium.NoSuchElementException: no such element: Unable to locate element: {"method":"xpath","selector":"//select[@id='ut']"}
  (Session info: MicrosoftEdge=99.0.1150.39)
For documentation on this error, please visit: https://selenium.dev/exceptions/#no_such_element
Build info: version: '4.1.2', revision: '9a5a329c5a'
System info: host: 'DESKTOP-3FFEOHO', ip: '192.168.1.8', os.name: 'Windows 10', os.arch: 'amd64', os.version: '10.0', java.version: '1.8.0_202'
Driver info: org.openqa.selenium.edge.EdgeDriver
Command: [aaaabb66d666ddadee4753599ee08af0, findElement {using=xpath, value=//select[@id='ut']}]
Capabilities {acceptInsecureCerts: false, browserName: msedge, browserVersion: 99.0.1150.39, javascriptEnabled: true, ms:edgeOptions: {debuggerAddress: localhost:60785}, msedge: {msedgedriverVersion: 98.0.1108.43 (291a4aac9d385..., userDataDir: C:\Users\saran\AppData\Loca...}, networkConnectionEnabled: false, pageLoadStrategy: normal, platform: WINDOWS, platformName: WINDOWS, proxy: Proxy(), se:cdp: ws://localhost:60785/devtoo..., se:cdpVersion: 99.0.1150.39, setWindowRect: true, strictFileInteractability: false, timeouts: {implicit: 0, pageLoad: 300000, script: 30000}, unhandledPromptBehavior: dismiss and notify, webauthn:extension:credBlob: true, webauthn:extension:largeBlob: true, webauthn:virtualAuthenticators: true}
Session ID: aaaabb66d666ddadee4753599ee08af0
at org.openqa.selenium.remote.codec.w3c.W3CHttpResponseCodec.createException(W3CHttpResponseCodec.java:200)
at org.openqa.selenium.remote.codec.w3c.W3CHttpResponseCodec.decode(W3CHttpResponseCodec.java:133)
at org.openqa.selenium.remote.codec.w3c.W3CHttpResponseCodec.decode(W3CHttpResponseCodec.java:53)
at org.openqa.selenium.remote.HttpCommandExecutor.execute(HttpCommandExecutor.java:184)
at org.openqa.selenium.remote.service.DriverCommandExecutor.invokeExecute(DriverCommandExecutor.java:167)
at org.openqa.selenium.remote.service.DriverCommandExecutor.execute(DriverCommandExecutor.java:142)
at org.openqa.selenium.remote.RemoteWebDriver.execute(RemoteWebDriver.java:558)
at org.openqa.selenium.remote.ElementLocation$ElementFinder$2.findElement(ElementLocation.java:162)
at org.openqa.selenium.remote.ElementLocation.findElement(ElementLocation.java:60)
at org.openqa.selenium.remote.RemoteWebDriver.findElement(RemoteWebDriver.java:382)
at org.openqa.selenium.remote.RemoteWebDriver.findElement(RemoteWebDriver.java:374)
at org.openqa.selenium.support.pagefactory.DefaultElementLocator.findElement(DefaultElementLocator.java:70)
at org.openqa.selenium.support.pagefactory.internal.LocatingElementHandler.invoke(LocatingElementHandler.java:39)
at com.sun.proxy.$Proxy15.getTagName(Unknown Source)
at org.openqa.selenium.support.ui.Select.<init>(Select.java:46)
at utilities.GenaralUtilities.selectFromDropDown(GenaralUtilities.java:37)
at elementRepository.AdminUsers.selectUserType(AdminUsers.java:92)
at executeClasses.ExecuteAdminUsers.verifyUserTypeDropDown(ExecuteAdminUsers.java:73)
at java.util.ArrayList.forEach(ArrayList.java:1257)
... Removed 31 stack frames]]>
    </failure>
  </testcase> <!-- verifyUserTypeDropDown -->
  <testcase name="verifyThreeLines" time="0.644" classname="executeClasses.ExecuteManageExpense"/>
  <testcase name="verifyActiveButnColor" time="0.0" classname="executeClasses.ExecuteAdminUsers">
    <ignored/>
  </testcase> <!-- verifyActiveButnColor -->
  <testcase name="verifyUserNameDisplayed" time="0.0" classname="executeClasses.ExecuteAdminUsers">
    <ignored/>
  </testcase> <!-- verifyUserNameDisplayed -->
  <testcase name="verifySearchButn" time="0.0" classname="executeClasses.ExecuteAdminUsers">
    <ignored/>
  </testcase> <!-- verifySearchButn -->
  <testcase name="verifySearchUserName" time="0.0" classname="executeClasses.ExecuteAdminUsers">
    <ignored/>
  </testcase> <!-- verifySearchUserName -->
  <testcase name="verifyActiveButton" time="0.0" classname="executeClasses.ExecuteAdminUsers">
    <ignored/>
  </testcase> <!-- verifyActiveButton -->
  <testcase name="verifyPasswordArrow" time="0.0" classname="executeClasses.ExecuteAdminUsers">
    <ignored/>
  </testcase> <!-- verifyPasswordArrow -->
</testsuite> <!-- Edge Test -->
